# JRE version: Java(TM) SE Runtime Environment (8.0_121-b13) (build 1.8.0_121-b13)
# Java VM: Java HotSpot(TM) 64-Bit Server VM (25.121-b13 mixed mode linux-amd64 compressed oops)
Heap:
 PSYoungGen      total 214528K, used 53115K [0x00000000ecf00000, 0x00000000fe780000, 0x0000000100000000)
  eden space 141824K, 0% used [0x00000000ecf00000,0x00000000ecf00000,0x00000000f5980000)
  from space 72704K, 73% used [0x00000000f5980000,0x00000000f8d5ef18,0x00000000fa080000)
  to   space 66048K, 0% used [0x00000000fa300000,0x00000000fa300000,0x00000000fe380000)
 ParOldGen       total 216064K, used 156824K [0x00000000c6c00000, 0x00000000d3f00000, 0x00000000ecf00000)
  object space 216064K, 72% used [0x00000000c6c00000,0x00000000d05260c8,0x00000000d3f00000)
 Metaspace       used 3203K, capacity 4556K, committed 4864K, reserved 1056768K
  class space    used 335K, capacity 392K, committed 512K, reserved 1048576K
GC Heap History (10 events):
Event: 0,613 GC heap after
Heap after GC invocations=7 (full 2):
 PSYoungGen      total 63488K, used 1436K [0x00000000ecf00000, 0x00000000f6d00000, 0x0000000100000000)
  eden space 61440K, 0% used [0x00000000ecf00000,0x00000000ecf00000,0x00000000f0b00000)
  from space 2048K, 70% used [0x00000000f0b00000,0x00000000f0c673d0,0x00000000f0d00000)
  to   space 34816K, 0% used [0x00000000f4b00000,0x00000000f4b00000,0x00000000f6d00000)
 ParOldGen       total 142848K, used 82994K [0x00000000c6c00000, 0x00000000cf780000, 0x00000000ecf00000)
  object space 142848K, 58% used [0x00000000c6c00000,0x00000000cbd0c9f8,0x00000000cf780000)
 Metaspace       used 2600K, capacity 4552K, committed 4864K, reserved 1056768K
  class space    used 275K, capacity 388K, committed 512K, reserved 1048576K
}
Event: 0,659 GC heap before
{Heap before GC invocations=8 (full 2):
 PSYoungGen      total 63488K, used 62876K [0x00000000ecf00000, 0x00000000f6d00000, 0x0000000100000000)
  eden space 61440K, 100% used [0x00000000ecf00000,0x00000000f0b00000,0x00000000f0b00000)
  from space 2048K, 70% used [0x00000000f0b00000,0x00000000f0c673d0,0x00000000f0d00000)
  to   space 34816K, 0% used [0x00000000f4b00000,0x00000000f4b00000,0x00000000f6d00000)
 ParOldGen       total 142848K, used 82994K [0x00000000c6c00000, 0x00000000cf780000, 0x00000000ecf00000)
  object space 142848K, 58% used [0x00000000c6c00000,0x00000000cbd0c9f8,0x00000000cf780000)
 Metaspace       used 2602K, capacity 4552K, committed 4864K, reserved 1056768K
  class space    used 275K, capacity 388K, committed 512K, reserved 1048576K
Event: 0,729 GC heap after
Heap after GC invocations=8 (full 2):
 PSYoungGen      total 120320K, used 34815K [0x00000000ecf00000, 0x00000000f8700000, 0x0000000100000000)
  eden space 85504K, 0% used [0x00000000ecf00000,0x00000000ecf00000,0x00000000f2280000)
  from space 34816K, 99% used [0x00000000f4b00000,0x00000000f6cfff20,0x00000000f6d00000)
  to   space 41472K, 0% used [0x00000000f2280000,0x00000000f2280000,0x00000000f4b00000)
 ParOldGen       total 142848K, used 86401K [0x00000000c6c00000, 0x00000000cf780000, 0x00000000ecf00000)
  object space 142848K, 60% used [0x00000000c6c00000,0x00000000cc0607d8,0x00000000cf780000)
 Metaspace       used 2602K, capacity 4552K, committed 4864K, reserved 1056768K
  class space    used 275K, capacity 388K, committed 512K, reserved 1048576K
}
Event: 1,202 GC heap before
{Heap before GC invocations=9 (full 2):
 PSYoungGen      total 120320K, used 120319K [0x00000000ecf00000, 0x00000000f8700000, 0x0000000100000000)
  eden space 85504K, 100% used [0x00000000ecf00000,0x00000000f2280000,0x00000000f2280000)
  from space 34816K, 99% used [0x00000000f4b00000,0x00000000f6cfff20,0x00000000f6d00000)
  to   space 41472K, 0% used [0x00000000f2280000,0x00000000f2280000,0x00000000f4b00000)
 ParOldGen       total 142848K, used 86401K [0x00000000c6c00000, 0x00000000cf780000, 0x00000000ecf00000)
  object space 142848K, 60% used [0x00000000c6c00000,0x00000000cc0607d8,0x00000000cf780000)
 Metaspace       used 2615K, capacity 4554K, committed 4864K, reserved 1056768K
  class space    used 276K, capacity 390K, committed 512K, reserved 1048576K
Event: 2,114 GC heap after
Heap after GC invocations=9 (full 2):
 PSYoungGen      total 126976K, used 41445K [0x00000000ecf00000, 0x00000000fe380000, 0x0000000100000000)
  eden space 85504K, 0% used [0x00000000ecf00000,0x00000000ecf00000,0x00000000f2280000)
  from space 41472K, 99% used [0x00000000f2280000,0x00000000f4af96c0,0x00000000f4b00000)
  to   space 66048K, 0% used [0x00000000fa300000,0x00000000fa300000,0x00000000fe380000)
 ParOldGen       total 142848K, used 120556K [0x00000000c6c00000, 0x00000000cf780000, 0x00000000ecf00000)
  object space 142848K, 84% used [0x00000000c6c00000,0x00000000ce1bb378,0x00000000cf780000)
 Metaspace       used 2615K, capacity 4554K, committed 4864K, reserved 1056768K
  class space    used 276K, capacity 390K, committed 512K, reserved 1048576K
}
Event: 2,114 GC heap before
{Heap before GC invocations=10 (full 3):
 PSYoungGen      total 126976K, used 41445K [0x00000000ecf00000, 0x00000000fe380000, 0x0000000100000000)
  eden space 85504K, 0% used [0x00000000ecf00000,0x00000000ecf00000,0x00000000f2280000)
  from space 41472K, 99% used [0x00000000f2280000,0x00000000f4af96c0,0x00000000f4b00000)
  to   space 66048K, 0% used [0x00000000fa300000,0x00000000fa300000,0x00000000fe380000)
 ParOldGen       total 142848K, used 120556K [0x00000000c6c00000, 0x00000000cf780000, 0x00000000ecf00000)
  object space 142848K, 84% used [0x00000000c6c00000,0x00000000ce1bb378,0x00000000cf780000)
 Metaspace       used 2615K, capacity 4554K, committed 4864K, reserved 1056768K
  class space    used 276K, capacity 390K, committed 512K, reserved 1048576K
Event: 2,812 GC heap after
Heap after GC invocations=10 (full 3):
 PSYoungGen      total 126976K, used 19404K [0x00000000ecf00000, 0x00000000fe380000, 0x0000000100000000)
  eden space 85504K, 0% used [0x00000000ecf00000,0x00000000ecf00000,0x00000000f2280000)
  from space 41472K, 46% used [0x00000000f2280000,0x00000000f3573380,0x00000000f4b00000)
  to   space 66048K, 0% used [0x00000000fa300000,0x00000000fa300000,0x00000000fe380000)
 ParOldGen       total 216064K, used 142507K [0x00000000c6c00000, 0x00000000d3f00000, 0x00000000ecf00000)
  object space 216064K, 65% used [0x00000000c6c00000,0x00000000cf72ae98,0x00000000d3f00000)
 Metaspace       used 2615K, capacity 4554K, committed 4864K, reserved 1056768K
  class space    used 276K, capacity 390K, committed 512K, reserved 1048576K
}
Event: 3,011 GC heap before
{Heap before GC invocations=11 (full 3):
 PSYoungGen      total 126976K, used 104908K [0x00000000ecf00000, 0x00000000fe380000, 0x0000000100000000)
  eden space 85504K, 100% used [0x00000000ecf00000,0x00000000f2280000,0x00000000f2280000)
  from space 41472K, 46% used [0x00000000f2280000,0x00000000f3573380,0x00000000f4b00000)
  to   space 66048K, 0% used [0x00000000fa300000,0x00000000fa300000,0x00000000fe380000)
 ParOldGen       total 216064K, used 142507K [0x00000000c6c00000, 0x00000000d3f00000, 0x00000000ecf00000)
  object space 216064K, 65% used [0x00000000c6c00000,0x00000000cf72ae98,0x00000000d3f00000)
 Metaspace       used 2622K, capacity 4554K, committed 4864K, reserved 1056768K
  class space    used 278K, capacity 390K, committed 512K, reserved 1048576K
Event: 3,297 GC heap after
Heap after GC invocations=11 (full 3):
 PSYoungGen      total 207872K, used 53894K [0x00000000ecf00000, 0x00000000fe780000, 0x0000000100000000)
  eden space 141824K, 0% used [0x00000000ecf00000,0x00000000ecf00000,0x00000000f5980000)
  from space 66048K, 81% used [0x00000000fa300000,0x00000000fd7a1bf0,0x00000000fe380000)
  to   space 72704K, 0% used [0x00000000f5980000,0x00000000f5980000,0x00000000fa080000)
 ParOldGen       total 216064K, used 142507K [0x00000000c6c00000, 0x00000000d3f00000, 0x00000000ecf00000)
  object space 216064K, 65% used [0x00000000c6c00000,0x00000000cf72ae98,0x00000000d3f00000)
 Metaspace       used 2622K, capacity 4554K, committed 4864K, reserved 1056768K
  class space    used 278K, capacity 390K, committed 512K, reserved 1048576K
}
Event: 5,438 GC heap before
{Heap before GC invocations=12 (full 3):
 PSYoungGen      total 207872K, used 195718K [0x00000000ecf00000, 0x00000000fe780000, 0x0000000100000000)
  eden space 141824K, 100% used [0x00000000ecf00000,0x00000000f5980000,0x00000000f5980000)
  from space 66048K, 81% used [0x00000000fa300000,0x00000000fd7a1bf0,0x00000000fe380000)
  to   space 72704K, 0% used [0x00000000f5980000,0x00000000f5980000,0x00000000fa080000)
 ParOldGen       total 216064K, used 142507K [0x00000000c6c00000, 0x00000000d3f00000, 0x00000000ecf00000)
  object space 216064K, 65% used [0x00000000c6c00000,0x00000000cf72ae98,0x00000000d3f00000)
 Metaspace       used 3203K, capacity 4556K, committed 4864K, reserved 1056768K
  class space    used 335K, capacity 392K, committed 512K, reserved 1048576K

