# JRE version: Java(TM) SE Runtime Environment (8.0_121-b13) (build 1.8.0_121-b13)
# Java VM: Java HotSpot(TM) 64-Bit Server VM (25.121-b13 mixed mode linux-amd64 compressed oops)
Heap:
 PSYoungGen      total 256512K, used 0K [0x00000000ecf00000, 0x0000000100000000, 0x0000000100000000)
  eden space 222208K, 0% used [0x00000000ecf00000,0x00000000ecf00000,0x00000000fa800000)
  from space 34304K, 0% used [0x00000000fa800000,0x00000000fa800000,0x00000000fc980000)
  to   space 45568K, 0% used [0x00000000fd380000,0x00000000fd380000,0x0000000100000000)
 ParOldGen       total 97792K, used 76335K [0x00000000c6c00000, 0x00000000ccb80000, 0x00000000ecf00000)
  object space 97792K, 78% used [0x00000000c6c00000,0x00000000cb68bfb8,0x00000000ccb80000)
 Metaspace       used 2877K, capacity 4556K, committed 4864K, reserved 1056768K
  class space    used 311K, capacity 392K, committed 512K, reserved 1048576K
GC Heap History (10 events):
Event: 9,197 GC heap after
Heap after GC invocations=35 (full 2):
 PSYoungGen      total 264192K, used 28768K [0x00000000ecf00000, 0x00000000ffe00000, 0x0000000100000000)
  eden space 218112K, 0% used [0x00000000ecf00000,0x00000000ecf00000,0x00000000fa400000)
  from space 46080K, 62% used [0x00000000fa400000,0x00000000fc018000,0x00000000fd100000)
  to   space 44544K, 0% used [0x00000000fd280000,0x00000000fd280000,0x00000000ffe00000)
 ParOldGen       total 97792K, used 83589K [0x00000000c6c00000, 0x00000000ccb80000, 0x00000000ecf00000)
  object space 97792K, 85% used [0x00000000c6c00000,0x00000000cbda1608,0x00000000ccb80000)
 Metaspace       used 2877K, capacity 4556K, committed 4864K, reserved 1056768K
  class space    used 311K, capacity 392K, committed 512K, reserved 1048576K
}
Event: 9,352 GC heap before
{Heap before GC invocations=36 (full 2):
 PSYoungGen      total 264192K, used 246880K [0x00000000ecf00000, 0x00000000ffe00000, 0x0000000100000000)
  eden space 218112K, 100% used [0x00000000ecf00000,0x00000000fa400000,0x00000000fa400000)
  from space 46080K, 62% used [0x00000000fa400000,0x00000000fc018000,0x00000000fd100000)
  to   space 44544K, 0% used [0x00000000fd280000,0x00000000fd280000,0x00000000ffe00000)
 ParOldGen       total 97792K, used 83589K [0x00000000c6c00000, 0x00000000ccb80000, 0x00000000ecf00000)
  object space 97792K, 85% used [0x00000000c6c00000,0x00000000cbda1608,0x00000000ccb80000)
 Metaspace       used 2877K, capacity 4556K, committed 4864K, reserved 1056768K
  class space    used 311K, capacity 392K, committed 512K, reserved 1048576K
Event: 9,465 GC heap after
Heap after GC invocations=36 (full 2):
 PSYoungGen      total 265216K, used 33056K [0x00000000ecf00000, 0x00000000fff80000, 0x0000000100000000)
  eden space 220672K, 0% used [0x00000000ecf00000,0x00000000ecf00000,0x00000000fa680000)
  from space 44544K, 74% used [0x00000000fd280000,0x00000000ff2c8000,0x00000000ffe00000)
  to   space 45056K, 0% used [0x00000000fa680000,0x00000000fa680000,0x00000000fd280000)
 ParOldGen       total 97792K, used 85797K [0x00000000c6c00000, 0x00000000ccb80000, 0x00000000ecf00000)
  object space 97792K, 87% used [0x00000000c6c00000,0x00000000cbfc9608,0x00000000ccb80000)
 Metaspace       used 2877K, capacity 4556K, committed 4864K, reserved 1056768K
  class space    used 311K, capacity 392K, committed 512K, reserved 1048576K
}
Event: 9,655 GC heap before
{Heap before GC invocations=37 (full 2):
 PSYoungGen      total 265216K, used 253728K [0x00000000ecf00000, 0x00000000fff80000, 0x0000000100000000)
  eden space 220672K, 100% used [0x00000000ecf00000,0x00000000fa680000,0x00000000fa680000)
  from space 44544K, 74% used [0x00000000fd280000,0x00000000ff2c8000,0x00000000ffe00000)
  to   space 45056K, 0% used [0x00000000fa680000,0x00000000fa680000,0x00000000fd280000)
 ParOldGen       total 97792K, used 85797K [0x00000000c6c00000, 0x00000000ccb80000, 0x00000000ecf00000)
  object space 97792K, 87% used [0x00000000c6c00000,0x00000000cbfc9608,0x00000000ccb80000)
 Metaspace       used 2877K, capacity 4556K, committed 4864K, reserved 1056768K
  class space    used 311K, capacity 392K, committed 512K, reserved 1048576K
Event: 10,020 GC heap after
Heap after GC invocations=37 (full 2):
 PSYoungGen      total 265728K, used 33024K [0x00000000ecf00000, 0x0000000100000000, 0x0000000100000000)
  eden space 220672K, 0% used [0x00000000ecf00000,0x00000000ecf00000,0x00000000fa680000)
  from space 45056K, 73% used [0x00000000fa680000,0x00000000fc6c0000,0x00000000fd280000)
  to   space 45056K, 0% used [0x00000000fd400000,0x00000000fd400000,0x0000000100000000)
 ParOldGen       total 97792K, used 88221K [0x00000000c6c00000, 0x00000000ccb80000, 0x00000000ecf00000)
  object space 97792K, 90% used [0x00000000c6c00000,0x00000000cc227608,0x00000000ccb80000)
 Metaspace       used 2877K, capacity 4556K, committed 4864K, reserved 1056768K
  class space    used 311K, capacity 392K, committed 512K, reserved 1048576K
}
Event: 13,166 GC heap before
{Heap before GC invocations=38 (full 2):
 PSYoungGen      total 265728K, used 253696K [0x00000000ecf00000, 0x0000000100000000, 0x0000000100000000)
  eden space 220672K, 100% used [0x00000000ecf00000,0x00000000fa680000,0x00000000fa680000)
  from space 45056K, 73% used [0x00000000fa680000,0x00000000fc6c0000,0x00000000fd280000)
  to   space 45056K, 0% used [0x00000000fd400000,0x00000000fd400000,0x0000000100000000)
 ParOldGen       total 97792K, used 88221K [0x00000000c6c00000, 0x00000000ccb80000, 0x00000000ecf00000)
  object space 97792K, 90% used [0x00000000c6c00000,0x00000000cc227608,0x00000000ccb80000)
 Metaspace       used 2877K, capacity 4556K, committed 4864K, reserved 1056768K
  class space    used 311K, capacity 392K, committed 512K, reserved 1048576K
Event: 14,430 GC heap after
Heap after GC invocations=38 (full 2):
 PSYoungGen      total 267264K, used 32768K [0x00000000ecf00000, 0x0000000100000000, 0x0000000100000000)
  eden space 222208K, 0% used [0x00000000ecf00000,0x00000000ecf00000,0x00000000fa800000)
  from space 45056K, 72% used [0x00000000fd400000,0x00000000ff400000,0x0000000100000000)
  to   space 45056K, 0% used [0x00000000fa800000,0x00000000fa800000,0x00000000fd400000)
 ParOldGen       total 97792K, used 91013K [0x00000000c6c00000, 0x00000000ccb80000, 0x00000000ecf00000)
  object space 97792K, 93% used [0x00000000c6c00000,0x00000000cc4e1608,0x00000000ccb80000)
 Metaspace       used 2877K, capacity 4556K, committed 4864K, reserved 1056768K
  class space    used 311K, capacity 392K, committed 512K, reserved 1048576K
}
Event: 17,606 GC heap before
{Heap before GC invocations=39 (full 2):
 PSYoungGen      total 267264K, used 254976K [0x00000000ecf00000, 0x0000000100000000, 0x0000000100000000)
  eden space 222208K, 100% used [0x00000000ecf00000,0x00000000fa800000,0x00000000fa800000)
  from space 45056K, 72% used [0x00000000fd400000,0x00000000ff400000,0x0000000100000000)
  to   space 45056K, 0% used [0x00000000fa800000,0x00000000fa800000,0x00000000fd400000)
 ParOldGen       total 97792K, used 91013K [0x00000000c6c00000, 0x00000000ccb80000, 0x00000000ecf00000)
  object space 97792K, 93% used [0x00000000c6c00000,0x00000000cc4e1608,0x00000000ccb80000)
 Metaspace       used 2877K, capacity 4556K, committed 4864K, reserved 1056768K
  class space    used 311K, capacity 392K, committed 512K, reserved 1048576K
Event: 17,748 GC heap after
Heap after GC invocations=39 (full 2):
 PSYoungGen      total 256512K, used 34048K [0x00000000ecf00000, 0x0000000100000000, 0x0000000100000000)
  eden space 222208K, 0% used [0x00000000ecf00000,0x00000000ecf00000,0x00000000fa800000)
  from space 34304K, 99% used [0x00000000fa800000,0x00000000fc940000,0x00000000fc980000)
  to   space 45568K, 0% used [0x00000000fd380000,0x00000000fd380000,0x0000000100000000)
 ParOldGen       total 97792K, used 93333K [0x00000000c6c00000, 0x00000000ccb80000, 0x00000000ecf00000)
  object space 97792K, 95% used [0x00000000c6c00000,0x00000000cc725608,0x00000000ccb80000)
 Metaspace       used 2877K, capacity 4556K, committed 4864K, reserved 1056768K
  class space    used 311K, capacity 392K, committed 512K, reserved 1048576K
}
Event: 19,841 GC heap before
{Heap before GC invocations=40 (full 3):
 PSYoungGen      total 256512K, used 34048K [0x00000000ecf00000, 0x0000000100000000, 0x0000000100000000)
  eden space 222208K, 0% used [0x00000000ecf00000,0x00000000ecf00000,0x00000000fa800000)
  from space 34304K, 99% used [0x00000000fa800000,0x00000000fc940000,0x00000000fc980000)
  to   space 45568K, 0% used [0x00000000fd380000,0x00000000fd380000,0x0000000100000000)
 ParOldGen       total 97792K, used 93333K [0x00000000c6c00000, 0x00000000ccb80000, 0x00000000ecf00000)
  object space 97792K, 95% used [0x00000000c6c00000,0x00000000cc725608,0x00000000ccb80000)
 Metaspace       used 2877K, capacity 4556K, committed 4864K, reserved 1056768K
  class space    used 311K, capacity 392K, committed 512K, reserved 1048576K

